<?xml version="1.0" encoding="UTF-8"?>
<!-- Generated by org.testng.reporters.JUnitXMLReporter -->
<testsuite ignored="0" hostname="DESKTOP-ALU41OF" failures="0" tests="4" name="Default test" time="49.101" errors="0" timestamp="2023-06-05T16:28:44 EET">
  <testcase classname="MyTestCases" name="Success_Signup" time="12.557"/>
  <testcase classname="MyTestCases" name="Login" time="8.602"/>
  <testcase classname="MyTestCases" name="Add_Items" time="14.847"/>
  <testcase classname="MyTestCases" name="Checkout_Process" time="10.299"/>
</testsuite> <!-- Default test -->
