<?xml version="1.0" encoding="UTF-8"?>
<testng-results ignored="0" total="3" passed="3" failed="0" skipped="0">
  <reporter-output>
  </reporter-output>
  <suite started-at="2023-06-05T15:06:11 EET" name="Default suite" finished-at="2023-06-05T15:06:47 EET" duration-ms="36230">
    <groups>
    </groups>
    <test started-at="2023-06-05T15:06:11 EET" name="Default test" finished-at="2023-06-05T15:06:47 EET" duration-ms="36230">
      <class name="MyTestCases">
        <test-method is-config="true" signature="preTest()[pri:0, instance:MyTestCases@30e92cb9]" started-at="2023-06-05T15:06:11 EET" name="preTest" finished-at="2023-06-05T15:06:14 EET" duration-ms="2857" status="PASS">
          <reporter-output>
          </reporter-output>
        </test-method> <!-- preTest -->
        <test-method signature="Success_Signup()[pri:1, instance:MyTestCases@30e92cb9]" started-at="2023-06-05T15:06:14 EET" name="Success_Signup" description="Test number 1" finished-at="2023-06-05T15:06:26 EET" duration-ms="12204" status="PASS">
          <reporter-output>
          </reporter-output>
        </test-method> <!-- Success_Signup -->
        <test-method signature="Login()[pri:2, instance:MyTestCases@30e92cb9]" started-at="2023-06-05T15:06:26 EET" name="Login" description="Test number 2" finished-at="2023-06-05T15:06:34 EET" duration-ms="8046" status="PASS">
          <reporter-output>
          </reporter-output>
        </test-method> <!-- Login -->
        <test-method signature="Add_Items()[pri:4, instance:MyTestCases@30e92cb9]" started-at="2023-06-05T15:06:34 EET" name="Add_Items" description="Test number 4" finished-at="2023-06-05T15:06:47 EET" duration-ms="12998" status="PASS">
          <reporter-output>
          </reporter-output>
        </test-method> <!-- Add_Items -->
      </class> <!-- MyTestCases -->
    </test> <!-- Default test -->
  </suite> <!-- Default suite -->
</testng-results>
