<?xml version="1.0" encoding="UTF-8"?>
<testng-results ignored="0" total="1" passed="1" failed="0" skipped="0">
  <reporter-output>
  </reporter-output>
  <suite started-at="2023-05-28T19:37:39 EET" name="Default suite" finished-at="2023-05-28T19:37:53 EET" duration-ms="14221">
    <groups>
    </groups>
    <test started-at="2023-05-28T19:37:39 EET" name="Default test" finished-at="2023-05-28T19:37:53 EET" duration-ms="14221">
      <class name="SignUp">
        <test-method is-config="true" signature="preTest()[pri:0, instance:SignUp@547c04c4]" started-at="2023-05-28T19:37:39 EET" name="preTest" finished-at="2023-05-28T19:37:42 EET" duration-ms="3047" status="PASS">
          <reporter-output>
          </reporter-output>
        </test-method> <!-- preTest -->
        <test-method signature="Success_Signup_Message()[pri:1, instance:SignUp@547c04c4]" started-at="2023-05-28T19:37:42 EET" name="Success_Signup_Message" description="Test number 1" finished-at="2023-05-28T19:37:53 EET" duration-ms="11097" status="PASS">
          <reporter-output>
          </reporter-output>
        </test-method> <!-- Success_Signup_Message -->
      </class> <!-- SignUp -->
    </test> <!-- Default test -->
  </suite> <!-- Default suite -->
</testng-results>
